# JRE version: Java(TM) SE Runtime Environment (22.0+36) (build 22+36-2370)
# Java VM: Java HotSpot(TM) 64-Bit Server VM (22+36-2370, mixed mode, sharing, tiered, compressed oops, compressed class ptrs, g1 gc, windows-amd64)
GC Precious Log:
 CardTable entry size: 512
 Card Set container configuration: InlinePtr #cards 5 size 8 Array Of Cards #cards 12 size 40 Howl #buckets 4 coarsen threshold 1843 Howl Bitmap #cards 512 size 80 coarsen threshold 460 Card regions per heap region 1 cards per card region 2048
 CPUs: 12 total, 12 available
 Memory: 6005M
 Large Page Support: Disabled
 NUMA Support: Disabled
 Compressed Oops: Enabled (32-bit)
 Heap Region Size: 1M
 Heap Min Capacity: 8M
 Heap Initial Capacity: 94M
 Heap Max Capacity: 1502M
 Pre-touch: Disabled
 Parallel Workers: 10
 Concurrent Workers: 3
 Concurrent Refinement Workers: 10
 Periodic GC: Disabled
Heap:
 garbage-first heap   total reserved 1538048K, committed 125952K, used 58769K [0x00000000a2200000, 0x0000000100000000)
  region size 1024K, 4 young (4096K), 4 survivors (4096K)
 Metaspace       used 30305K, committed 30912K, reserved 1114112K
  class space    used 3441K, committed 3712K, reserved 1048576K
GC Heap History (20 events):
Event: 5.602 GC heap before
{Heap before GC invocations=2 (full 0):
 garbage-first heap   total reserved 1538048K, committed 96256K, used 61415K [0x00000000a2200000, 0x0000000100000000)
  region size 1024K, 56 young (57344K), 3 survivors (3072K)
 Metaspace       used 13328K, committed 13696K, reserved 1114112K
  class space    used 1535K, committed 1728K, reserved 1048576K
}
Event: 5.616 GC heap after
{Heap after GC invocations=3 (full 0):
 garbage-first heap   total reserved 1538048K, committed 96256K, used 13312K [0x00000000a2200000, 0x0000000100000000)
  region size 1024K, 7 young (7168K), 7 survivors (7168K)
 Metaspace       used 13328K, committed 13696K, reserved 1114112K
  class space    used 1535K, committed 1728K, reserved 1048576K
}
Event: 6.129 GC heap before
{Heap before GC invocations=3 (full 0):
 garbage-first heap   total reserved 1538048K, committed 96256K, used 63488K [0x00000000a2200000, 0x0000000100000000)
  region size 1024K, 56 young (57344K), 7 survivors (7168K)
 Metaspace       used 13842K, committed 14144K, reserved 1114112K
  class space    used 1545K, committed 1728K, reserved 1048576K
}
Event: 6.145 GC heap after
{Heap after GC invocations=4 (full 0):
 garbage-first heap   total reserved 1538048K, committed 96256K, used 17791K [0x00000000a2200000, 0x0000000100000000)
  region size 1024K, 4 young (4096K), 4 survivors (4096K)
 Metaspace       used 13842K, committed 14144K, reserved 1114112K
  class space    used 1545K, committed 1728K, reserved 1048576K
}
Event: 7.162 GC heap before
{Heap before GC invocations=4 (full 0):
 garbage-first heap   total reserved 1538048K, committed 96256K, used 71039K [0x00000000a2200000, 0x0000000100000000)
  region size 1024K, 56 young (57344K), 4 survivors (4096K)
 Metaspace       used 16817K, committed 17216K, reserved 1114112K
  class space    used 1979K, committed 2176K, reserved 1048576K
}
Event: 7.174 GC heap after
{Heap after GC invocations=5 (full 0):
 garbage-first heap   total reserved 1538048K, committed 96256K, used 22443K [0x00000000a2200000, 0x0000000100000000)
  region size 1024K, 5 young (5120K), 5 survivors (5120K)
 Metaspace       used 16817K, committed 17216K, reserved 1114112K
  class space    used 1979K, committed 2176K, reserved 1048576K
}
Event: 8.350 GC heap before
{Heap before GC invocations=5 (full 0):
 garbage-first heap   total reserved 1538048K, committed 96256K, used 74667K [0x00000000a2200000, 0x0000000100000000)
  region size 1024K, 56 young (57344K), 5 survivors (5120K)
 Metaspace       used 17823K, committed 18240K, reserved 1114112K
  class space    used 2109K, committed 2304K, reserved 1048576K
}
Event: 8.357 GC heap after
{Heap after GC invocations=6 (full 0):
 garbage-first heap   total reserved 1538048K, committed 96256K, used 24492K [0x00000000a2200000, 0x0000000100000000)
  region size 1024K, 3 young (3072K), 3 survivors (3072K)
 Metaspace       used 17823K, committed 18240K, reserved 1114112K
  class space    used 2109K, committed 2304K, reserved 1048576K
}
Event: 9.408 GC heap before
{Heap before GC invocations=6 (full 0):
 garbage-first heap   total reserved 1538048K, committed 96256K, used 73644K [0x00000000a2200000, 0x0000000100000000)
  region size 1024K, 47 young (48128K), 3 survivors (3072K)
 Metaspace       used 20993K, committed 21504K, reserved 1114112K
  class space    used 2451K, committed 2688K, reserved 1048576K
}
Event: 9.419 GC heap after
{Heap after GC invocations=7 (full 0):
 garbage-first heap   total reserved 1538048K, committed 96256K, used 34070K [0x00000000a2200000, 0x0000000100000000)
  region size 1024K, 7 young (7168K), 7 survivors (7168K)
 Metaspace       used 20993K, committed 21504K, reserved 1114112K
  class space    used 2451K, committed 2688K, reserved 1048576K
}
Event: 10.196 GC heap before
{Heap before GC invocations=8 (full 0):
 garbage-first heap   total reserved 1538048K, committed 96256K, used 81174K [0x00000000a2200000, 0x0000000100000000)
  region size 1024K, 52 young (53248K), 7 survivors (7168K)
 Metaspace       used 26494K, committed 27008K, reserved 1114112K
  class space    used 3102K, committed 3328K, reserved 1048576K
}
Event: 10.219 GC heap after
{Heap after GC invocations=9 (full 0):
 garbage-first heap   total reserved 1538048K, committed 125952K, used 50977K [0x00000000a2200000, 0x0000000100000000)
  region size 1024K, 7 young (7168K), 7 survivors (7168K)
 Metaspace       used 26494K, committed 27008K, reserved 1114112K
  class space    used 3102K, committed 3328K, reserved 1048576K
}
Event: 10.638 GC heap before
{Heap before GC invocations=9 (full 0):
 garbage-first heap   total reserved 1538048K, committed 125952K, used 100129K [0x00000000a2200000, 0x0000000100000000)
  region size 1024K, 55 young (56320K), 7 survivors (7168K)
 Metaspace       used 27274K, committed 27776K, reserved 1114112K
  class space    used 3166K, committed 3392K, reserved 1048576K
}
Event: 10.654 GC heap after
{Heap after GC invocations=10 (full 0):
 garbage-first heap   total reserved 1538048K, committed 125952K, used 58368K [0x00000000a2200000, 0x0000000100000000)
  region size 1024K, 7 young (7168K), 7 survivors (7168K)
 Metaspace       used 27274K, committed 27776K, reserved 1114112K
  class space    used 3166K, committed 3392K, reserved 1048576K
}
Event: 11.220 GC heap before
{Heap before GC invocations=10 (full 0):
 garbage-first heap   total reserved 1538048K, committed 125952K, used 102400K [0x00000000a2200000, 0x0000000100000000)
  region size 1024K, 50 young (51200K), 7 survivors (7168K)
 Metaspace       used 29178K, committed 29760K, reserved 1114112K
  class space    used 3387K, committed 3648K, reserved 1048576K
}
Event: 11.232 GC heap after
{Heap after GC invocations=11 (full 0):
 garbage-first heap   total reserved 1538048K, committed 125952K, used 61440K [0x00000000a2200000, 0x0000000100000000)
  region size 1024K, 3 young (3072K), 3 survivors (3072K)
 Metaspace       used 29178K, committed 29760K, reserved 1114112K
  class space    used 3387K, committed 3648K, reserved 1048576K
}
Event: 11.786 GC heap before
{Heap before GC invocations=11 (full 0):
 garbage-first heap   total reserved 1538048K, committed 125952K, used 106496K [0x00000000a2200000, 0x0000000100000000)
  region size 1024K, 47 young (48128K), 3 survivors (3072K)
 Metaspace       used 29922K, committed 30528K, reserved 1114112K
  class space    used 3439K, committed 3712K, reserved 1048576K
}
Event: 11.794 GC heap after
{Heap after GC invocations=12 (full 0):
 garbage-first heap   total reserved 1538048K, committed 125952K, used 61440K [0x00000000a2200000, 0x0000000100000000)
  region size 1024K, 3 young (3072K), 3 survivors (3072K)
 Metaspace       used 29922K, committed 30528K, reserved 1114112K
  class space    used 3439K, committed 3712K, reserved 1048576K
}
Event: 12.230 GC heap before
{Heap before GC invocations=13 (full 0):
 garbage-first heap   total reserved 1538048K, committed 125952K, used 107520K [0x00000000a2200000, 0x0000000100000000)
  region size 1024K, 50 young (51200K), 3 survivors (3072K)
 Metaspace       used 30200K, committed 30848K, reserved 1114112K
  class space    used 3441K, committed 3712K, reserved 1048576K
}
Event: 12.240 GC heap after
{Heap after GC invocations=14 (full 0):
 garbage-first heap   total reserved 1538048K, committed 125952K, used 59705K [0x00000000a2200000, 0x0000000100000000)
  region size 1024K, 4 young (4096K), 4 survivors (4096K)
 Metaspace       used 30200K, committed 30848K, reserved 1114112K
  class space    used 3441K, committed 3712K, reserved 1048576K
}

