# JRE version: Java(TM) SE Runtime Environment (22.0+36) (build 22+36-2370)
# Java VM: Java HotSpot(TM) 64-Bit Server VM (22+36-2370, mixed mode, sharing, tiered, compressed oops, compressed class ptrs, g1 gc, windows-amd64)
GC Precious Log:
 CardTable entry size: 512
 Card Set container configuration: InlinePtr #cards 5 size 8 Array Of Cards #cards 12 size 40 Howl #buckets 4 coarsen threshold 1843 Howl Bitmap #cards 512 size 80 coarsen threshold 460 Card regions per heap region 1 cards per card region 2048
 CPUs: 12 total, 12 available
 Memory: 6005M
 Large Page Support: Disabled
 NUMA Support: Disabled
 Compressed Oops: Enabled (32-bit)
 Heap Region Size: 1M
 Heap Min Capacity: 8M
 Heap Initial Capacity: 94M
 Heap Max Capacity: 1502M
 Pre-touch: Disabled
 Parallel Workers: 10
 Concurrent Workers: 3
 Concurrent Refinement Workers: 10
 Periodic GC: Disabled
Heap:
 garbage-first heap   total reserved 1538048K, committed 96256K, used 24150K [0x00000000a2200000, 0x0000000100000000)
  region size 1024K, 3 young (3072K), 3 survivors (3072K)
 Metaspace       used 17698K, committed 18176K, reserved 1114112K
  class space    used 2089K, committed 2304K, reserved 1048576K
GC Heap History (11 events):
Event: 0.909 GC heap before
{Heap before GC invocations=0 (full 0):
 garbage-first heap   total reserved 1538048K, committed 96256K, used 23552K [0x00000000a2200000, 0x0000000100000000)
  region size 1024K, 24 young (24576K), 0 survivors (0K)
 Metaspace       used 5204K, committed 5376K, reserved 1114112K
  class space    used 610K, committed 704K, reserved 1048576K
}
Event: 0.915 GC heap after
{Heap after GC invocations=1 (full 0):
 garbage-first heap   total reserved 1538048K, committed 96256K, used 3712K [0x00000000a2200000, 0x0000000100000000)
  region size 1024K, 3 young (3072K), 3 survivors (3072K)
 Metaspace       used 5204K, committed 5376K, reserved 1114112K
  class space    used 610K, committed 704K, reserved 1048576K
}
Event: 1.794 GC heap before
{Heap before GC invocations=1 (full 0):
 garbage-first heap   total reserved 1538048K, committed 96256K, used 37504K [0x00000000a2200000, 0x0000000100000000)
  region size 1024K, 36 young (36864K), 3 survivors (3072K)
 Metaspace       used 11755K, committed 11968K, reserved 1114112K
  class space    used 1432K, committed 1536K, reserved 1048576K
}
Event: 1.806 GC heap after
{Heap after GC invocations=2 (full 0):
 garbage-first heap   total reserved 1538048K, committed 96256K, used 7728K [0x00000000a2200000, 0x0000000100000000)
  region size 1024K, 4 young (4096K), 4 survivors (4096K)
 Metaspace       used 11755K, committed 11968K, reserved 1114112K
  class space    used 1432K, committed 1536K, reserved 1048576K
}
Event: 2.609 GC heap before
{Heap before GC invocations=2 (full 0):
 garbage-first heap   total reserved 1538048K, committed 96256K, used 60976K [0x00000000a2200000, 0x0000000100000000)
  region size 1024K, 56 young (57344K), 4 survivors (4096K)
 Metaspace       used 13026K, committed 13376K, reserved 1114112K
  class space    used 1507K, committed 1664K, reserved 1048576K
}
Event: 2.623 GC heap after
{Heap after GC invocations=3 (full 0):
 garbage-first heap   total reserved 1538048K, committed 96256K, used 13030K [0x00000000a2200000, 0x0000000100000000)
  region size 1024K, 7 young (7168K), 7 survivors (7168K)
 Metaspace       used 13026K, committed 13376K, reserved 1114112K
  class space    used 1507K, committed 1664K, reserved 1048576K
}
Event: 3.248 GC heap before
{Heap before GC invocations=3 (full 0):
 garbage-first heap   total reserved 1538048K, committed 96256K, used 63206K [0x00000000a2200000, 0x0000000100000000)
  region size 1024K, 56 young (57344K), 7 survivors (7168K)
 Metaspace       used 13529K, committed 13824K, reserved 1114112K
  class space    used 1517K, committed 1664K, reserved 1048576K
}
Event: 3.260 GC heap after
{Heap after GC invocations=4 (full 0):
 garbage-first heap   total reserved 1538048K, committed 96256K, used 17617K [0x00000000a2200000, 0x0000000100000000)
  region size 1024K, 5 young (5120K), 5 survivors (5120K)
 Metaspace       used 13529K, committed 13824K, reserved 1114112K
  class space    used 1517K, committed 1664K, reserved 1048576K
}
Event: 4.589 GC heap before
{Heap before GC invocations=4 (full 0):
 garbage-first heap   total reserved 1538048K, committed 96256K, used 70865K [0x00000000a2200000, 0x0000000100000000)
  region size 1024K, 56 young (57344K), 5 survivors (5120K)
 Metaspace       used 16701K, committed 17088K, reserved 1114112K
  class space    used 1945K, committed 2112K, reserved 1048576K
}
Event: 4.604 GC heap after
{Heap after GC invocations=5 (full 0):
 garbage-first heap   total reserved 1538048K, committed 96256K, used 23552K [0x00000000a2200000, 0x0000000100000000)
  region size 1024K, 5 young (5120K), 5 survivors (5120K)
 Metaspace       used 16701K, committed 17088K, reserved 1114112K
  class space    used 1945K, committed 2112K, reserved 1048576K
}
Event: 6.220 GC heap before
{Heap before GC invocations=5 (full 0):
 garbage-first heap   total reserved 1538048K, committed 96256K, used 74752K [0x00000000a2200000, 0x0000000100000000)
  region size 1024K, 56 young (57344K), 5 survivors (5120K)
 Metaspace       used 17698K, committed 18176K, reserved 1114112K
  class space    used 2089K, committed 2304K, reserved 1048576K
}

